TN:
SF:src/Domain/use-cases/create-table.use-case.ts
FN:15,CreateTable
FN:21,execute
FNF:2
FNH:2
FNDA:2,CreateTable
FNDA:2,execute
DA:1,1
DA:2,1
DA:3,1
DA:4,1
DA:5,1
DA:6,1
DA:7,1
DA:8,1
DA:9,1
DA:10,1
DA:11,1
DA:12,1
DA:13,1
DA:14,1
DA:15,1
DA:16,2
DA:17,2
DA:18,2
DA:19,2
DA:20,1
DA:21,1
DA:22,2
DA:23,2
DA:24,25
DA:25,25
DA:26,25
DA:27,25
DA:28,2
DA:29,2
DA:30,1
LF:30
LH:30
BRDA:15,0,0,2
BRDA:21,1,0,2
BRDA:23,2,0,25
BRDA:25,3,0,23
BRF:4
BRH:4
end_of_record
TN:
SF:src/Domain/use-cases/save-file.use-case.ts
FN:16,SaveFile
FN:22,execute
FNF:2
FNH:2
FNDA:2,SaveFile
FNDA:2,execute
DA:1,1
DA:2,1
DA:3,1
DA:4,1
DA:5,1
DA:6,1
DA:7,1
DA:8,1
DA:9,1
DA:10,1
DA:11,1
DA:12,1
DA:13,1
DA:14,1
DA:15,1
DA:16,1
DA:17,2
DA:18,2
DA:19,2
DA:20,2
DA:21,1
DA:22,1
DA:23,2
DA:24,2
DA:25,2
DA:26,2
DA:27,2
DA:28,2
DA:29,2
DA:30,2
DA:31,2
DA:32,2
DA:33,0
DA:34,0
DA:35,0
DA:36,1
DA:37,1
LF:37
LH:34
BRDA:16,0,0,2
BRDA:22,1,0,2
BRDA:32,2,0,0
BRF:3
BRH:2
end_of_record
